<?xml version="1.0" encoding="UTF-8"?>
<testng-results skipped="0" failed="0" ignored="0" total="1" passed="1">
  <reporter-output>
  </reporter-output>
  <suite name="Suite" duration-ms="20457" started-at="2020-03-01T07:04:19 EST" finished-at="2020-03-01T07:04:40 EST">
    <groups>
    </groups>
    <test name="Test" duration-ms="20457" started-at="2020-03-01T07:04:19 EST" finished-at="2020-03-01T07:04:40 EST">
      <class name="TestCasesMainClass">
        <test-method status="PASS" signature="Initialize()[pri:0, instance:TestCasesMainClass@2a17b7b6]" name="Initialize" is-config="true" duration-ms="7515" started-at="2020-03-01T07:04:19 EST" finished-at="2020-03-01T07:04:27 EST">
          <reporter-output>
          </reporter-output>
        </test-method> <!-- Initialize -->
        <test-method status="PASS" signature="LoginSFDC()[pri:0, instance:TestCasesMainClass@2a17b7b6]" name="LoginSFDC" duration-ms="11860" started-at="2020-03-01T07:04:27 EST" finished-at="2020-03-01T07:04:39 EST">
          <reporter-output>
          </reporter-output>
        </test-method> <!-- LoginSFDC -->
        <test-method status="PASS" signature="CloseTest()[pri:0, instance:TestCasesMainClass@2a17b7b6]" name="CloseTest" is-config="true" duration-ms="1054" started-at="2020-03-01T07:04:39 EST" finished-at="2020-03-01T07:04:40 EST">
          <reporter-output>
          </reporter-output>
        </test-method> <!-- CloseTest -->
      </class> <!-- TestCasesMainClass -->
    </test> <!-- Test -->
  </suite> <!-- Suite -->
</testng-results>
